{
  "stats": {
    "suites": 1,
    "tests": 5,
    "passes": 4,
    "pending": 0,
    "failures": 1,
    "start": "2024-04-22T19:35:29.043Z",
    "end": "2024-04-22T19:35:35.707Z",
    "duration": 6664,
    "testsRegistered": 5,
    "passPercent": 80,
    "pendingPercent": 0,
    "other": 0,
    "hasOther": false,
    "skipped": 0,
    "hasSkipped": false
  },
  "results": [
    {
      "uuid": "bc1d49fe-98b7-441c-9609-df6094abf2b9",
      "title": "",
      "fullFile": "cypress/e2e/api/jokes-random.cy.js",
      "file": "cypress/e2e/api/jokes-random.cy.js",
      "beforeHooks": [],
      "afterHooks": [],
      "tests": [],
      "suites": [
        {
          "uuid": "cbc9d85d-5ad8-4173-92b0-0b2fa17bd578",
          "title": "Endpoint /jokes/random",
          "fullFile": "",
          "file": "",
          "beforeHooks": [],
          "afterHooks": [],
          "tests": [
            {
              "title": "Get a random joke",
              "fullTitle": "Endpoint /jokes/random Get a random joke",
              "timedOut": null,
              "duration": 291,
              "state": "passed",
              "speed": "fast",
              "pass": true,
              "fail": false,
              "pending": false,
              "context": null,
              "code": "cy.request('https://api.chucknorris.io/jokes/random').its('status').should('equal', statusOK);",
              "err": {},
              "uuid": "c2c99c61-2bbf-4165-9d62-a4d32d090d78",
              "parentUUID": "cbc9d85d-5ad8-4173-92b0-0b2fa17bd578",
              "isHook": false,
              "skipped": false
            },
            {
              "title": "Random joke contains a property \"value\"",
              "fullTitle": "Endpoint /jokes/random Random joke contains a property \"value\"",
              "timedOut": null,
              "duration": 266,
              "state": "passed",
              "speed": "fast",
              "pass": true,
              "fail": false,
              "pending": false,
              "context": null,
              "code": "cy.request('https://api.chucknorris.io/jokes/random').its('body').should('have.property', 'value');",
              "err": {},
              "uuid": "3542021c-f4a8-49ec-b0c1-baf49bc9ed72",
              "parentUUID": "cbc9d85d-5ad8-4173-92b0-0b2fa17bd578",
              "isHook": false,
              "skipped": false
            },
            {
              "title": "Random joke contains a property \"icon_url\"",
              "fullTitle": "Endpoint /jokes/random Random joke contains a property \"icon_url\"",
              "timedOut": null,
              "duration": 268,
              "state": "passed",
              "speed": "fast",
              "pass": true,
              "fail": false,
              "pending": false,
              "context": null,
              "code": "cy.request('https://api.chucknorris.io/jokes/random').its('body').should('have.property', 'icon_url');",
              "err": {},
              "uuid": "fa3ebca7-1313-49a6-9beb-ba8212dd7e89",
              "parentUUID": "cbc9d85d-5ad8-4173-92b0-0b2fa17bd578",
              "isHook": false,
              "skipped": false
            },
            {
              "title": "Invalid request returns error",
              "fullTitle": "Endpoint /jokes/random Invalid request returns error",
              "timedOut": null,
              "duration": 4727,
              "state": "failed",
              "speed": null,
              "pass": false,
              "fail": true,
              "pending": false,
              "context": null,
              "code": "cy.request({\n  method: 'GET',\n  url: 'https://api.chucknorris.io/jokes/random',\n  failOnStatusCode: false\n}).its('status').should('not.equal', statusOK);",
              "err": {
                "message": "AssertionError: Timed out retrying after 4000ms: expected 200 to not equal 200",
                "estack": "AssertionError: Timed out retrying after 4000ms: expected 200 to not equal 200\n    at Context.eval (webpack://beloved_challenge/./cypress/e2e/api/jokes-random.cy.js:29:13)",
                "diff": ""
              },
              "uuid": "58799155-2e79-4529-b3d9-a1eed69c50b8",
              "parentUUID": "cbc9d85d-5ad8-4173-92b0-0b2fa17bd578",
              "isHook": false,
              "skipped": false
            },
            {
              "title": "Response contains an additional property",
              "fullTitle": "Endpoint /jokes/random Response contains an additional property",
              "timedOut": null,
              "duration": 965,
              "state": "passed",
              "speed": "fast",
              "pass": true,
              "fail": false,
              "pending": false,
              "context": null,
              "code": "cy.request('https://api.chucknorris.io/jokes/random').its('body').should('not.have.property', 'nonexistantProperty');",
              "err": {},
              "uuid": "ee5a37ec-0da7-4b3b-93cc-cf91fa2650a5",
              "parentUUID": "cbc9d85d-5ad8-4173-92b0-0b2fa17bd578",
              "isHook": false,
              "skipped": false
            }
          ],
          "suites": [],
          "passes": [
            "c2c99c61-2bbf-4165-9d62-a4d32d090d78",
            "3542021c-f4a8-49ec-b0c1-baf49bc9ed72",
            "fa3ebca7-1313-49a6-9beb-ba8212dd7e89",
            "ee5a37ec-0da7-4b3b-93cc-cf91fa2650a5"
          ],
          "failures": [
            "58799155-2e79-4529-b3d9-a1eed69c50b8"
          ],
          "pending": [],
          "skipped": [],
          "duration": 6517,
          "root": false,
          "rootEmpty": false,
          "_timeout": 2000
        }
      ],
      "passes": [],
      "failures": [],
      "pending": [],
      "skipped": [],
      "duration": 0,
      "root": true,
      "rootEmpty": true,
      "_timeout": 2000
    }
  ],
  "meta": {
    "mocha": {
      "version": "7.0.1"
    },
    "mochawesome": {
      "options": {
        "quiet": true,
        "reportFilename": "mochawesome",
        "saveHtml": false,
        "saveJson": true,
        "consoleReporter": "spec",
        "useInlineDiffs": false,
        "code": true
      },
      "version": "7.1.3"
    },
    "marge": {
      "options": {
        "id": "default",
        "reportDir": "cypress/reports/mocha",
        "quiet": true,
        "overwrite": false,
        "html": false,
        "json": true,
        "timestamp": "mmddyyyy_HHMMss"
      },
      "version": "6.2.0"
    }
  }
}