{
  "stats": {
    "suites": 1,
    "tests": 5,
    "passes": 5,
    "pending": 0,
    "failures": 0,
    "start": "2024-04-22T19:35:24.476Z",
    "end": "2024-04-22T19:35:27.022Z",
    "duration": 2546,
    "testsRegistered": 5,
    "passPercent": 100,
    "pendingPercent": 0,
    "other": 0,
    "hasOther": false,
    "skipped": 0,
    "hasSkipped": false
  },
  "results": [
    {
      "uuid": "f348b4c0-82c0-4514-9916-2cc1a3bc9150",
      "title": "",
      "fullFile": "cypress/e2e/api/jokes-categories.cy.js",
      "file": "cypress/e2e/api/jokes-categories.cy.js",
      "beforeHooks": [],
      "afterHooks": [],
      "tests": [],
      "suites": [
        {
          "uuid": "c6fdce56-74fa-4241-a724-3aa952678915",
          "title": "Endpoint /jokes/categories",
          "fullFile": "",
          "file": "",
          "beforeHooks": [],
          "afterHooks": [],
          "tests": [
            {
              "title": "Get joke categories",
              "fullTitle": "Endpoint /jokes/categories Get joke categories",
              "timedOut": null,
              "duration": 1291,
              "state": "passed",
              "speed": "fast",
              "pass": true,
              "fail": false,
              "pending": false,
              "context": null,
              "code": "cy.request('https://api.chucknorris.io/jokes/categories').its('status').should('equal', statusOK);",
              "err": {},
              "uuid": "d74c74b1-1cb2-43dd-a058-3ec2edb40387",
              "parentUUID": "c6fdce56-74fa-4241-a724-3aa952678915",
              "isHook": false,
              "skipped": false
            },
            {
              "title": "Joke categories contains an array",
              "fullTitle": "Endpoint /jokes/categories Joke categories contains an array",
              "timedOut": null,
              "duration": 280,
              "state": "passed",
              "speed": "fast",
              "pass": true,
              "fail": false,
              "pending": false,
              "context": null,
              "code": "cy.request('https://api.chucknorris.io/jokes/categories').its('body').should('be.an', 'array');",
              "err": {},
              "uuid": "9d32787c-7a48-4894-8d2e-00e0a6756b92",
              "parentUUID": "c6fdce56-74fa-4241-a724-3aa952678915",
              "isHook": false,
              "skipped": false
            },
            {
              "title": "Category array is not empty",
              "fullTitle": "Endpoint /jokes/categories Category array is not empty",
              "timedOut": null,
              "duration": 340,
              "state": "passed",
              "speed": "fast",
              "pass": true,
              "fail": false,
              "pending": false,
              "context": null,
              "code": "cy.request('https://api.chucknorris.io/jokes/categories').its('body').should('not.be.empty');",
              "err": {},
              "uuid": "14ea22c5-49dd-44bf-8f9e-d398ca711476",
              "parentUUID": "c6fdce56-74fa-4241-a724-3aa952678915",
              "isHook": false,
              "skipped": false
            },
            {
              "title": "Invalid request returns error",
              "fullTitle": "Endpoint /jokes/categories Invalid request returns error",
              "timedOut": null,
              "duration": 273,
              "state": "passed",
              "speed": "fast",
              "pass": true,
              "fail": false,
              "pending": false,
              "context": null,
              "code": "cy.request({\n  method: 'POST',\n  url: 'https://api.chucknorris.io/jokes/categories',\n  failOnStatusCode: false\n}).its('status').should('not.equal', statusOK);",
              "err": {},
              "uuid": "a5f9a5f9-4e32-44d0-ab24-70d02fe20fb6",
              "parentUUID": "c6fdce56-74fa-4241-a724-3aa952678915",
              "isHook": false,
              "skipped": false
            },
            {
              "title": "Response does not contain an additional property",
              "fullTitle": "Endpoint /jokes/categories Response does not contain an additional property",
              "timedOut": null,
              "duration": 264,
              "state": "passed",
              "speed": "fast",
              "pass": true,
              "fail": false,
              "pending": false,
              "context": null,
              "code": "cy.request('https://api.chucknorris.io/jokes/categories').its('body').should('not.have.property', 'nonexistantProperty');",
              "err": {},
              "uuid": "a66849c8-f43c-443f-9040-4c1b39d43d2c",
              "parentUUID": "c6fdce56-74fa-4241-a724-3aa952678915",
              "isHook": false,
              "skipped": false
            }
          ],
          "suites": [],
          "passes": [
            "d74c74b1-1cb2-43dd-a058-3ec2edb40387",
            "9d32787c-7a48-4894-8d2e-00e0a6756b92",
            "14ea22c5-49dd-44bf-8f9e-d398ca711476",
            "a5f9a5f9-4e32-44d0-ab24-70d02fe20fb6",
            "a66849c8-f43c-443f-9040-4c1b39d43d2c"
          ],
          "failures": [],
          "pending": [],
          "skipped": [],
          "duration": 2448,
          "root": false,
          "rootEmpty": false,
          "_timeout": 2000
        }
      ],
      "passes": [],
      "failures": [],
      "pending": [],
      "skipped": [],
      "duration": 0,
      "root": true,
      "rootEmpty": true,
      "_timeout": 2000
    }
  ],
  "meta": {
    "mocha": {
      "version": "7.0.1"
    },
    "mochawesome": {
      "options": {
        "quiet": true,
        "reportFilename": "mochawesome",
        "saveHtml": false,
        "saveJson": true,
        "consoleReporter": "spec",
        "useInlineDiffs": false,
        "code": true
      },
      "version": "7.1.3"
    },
    "marge": {
      "options": {
        "id": "default",
        "reportDir": "cypress/reports/mocha",
        "quiet": true,
        "overwrite": false,
        "html": false,
        "json": true,
        "timestamp": "mmddyyyy_HHMMss"
      },
      "version": "6.2.0"
    }
  }
}